2026-07-20 12:49:03 - uvicorn.error - INFO - Started server process [42944]
2026-07-20 12:49:03 - uvicorn.error - INFO - Waiting for application startup.
2026-07-20 12:49:06 - uvicorn.error - INFO - Application startup complete.
2026-07-20 12:51:34 - uvicorn.error - INFO - Shutting down
2026-07-20 12:51:34 - uvicorn.error - INFO - Waiting for application shutdown.
2026-07-20 12:51:35 - uvicorn.error - INFO - Application shutdown complete.
2026-07-20 12:51:35 - uvicorn.error - INFO - Finished server process [42944]
2026-07-20 12:51:37 - uvicorn.error - INFO - Started server process [43745]
2026-07-20 12:51:37 - uvicorn.error - INFO - Waiting for application startup.
2026-07-20 12:51:41 - uvicorn.error - INFO - Application startup complete.
2026-07-20 12:53:50 - uvicorn.error - INFO - Shutting down
2026-07-20 12:53:50 - uvicorn.error - INFO - Waiting for application shutdown.
2026-07-20 12:53:50 - uvicorn.error - INFO - Application shutdown complete.
2026-07-20 12:53:50 - uvicorn.error - INFO - Finished server process [43745]
2026-07-20 12:56:26 - uvicorn.error - INFO - Started server process [45637]
2026-07-20 12:56:26 - uvicorn.error - INFO - Waiting for application startup.
2026-07-20 12:56:30 - uvicorn.error - INFO - Application startup complete.
2026-07-20 12:59:38 - app - INFO - Homepage accessed
2026-07-20 13:07:03 - app - INFO - Admin creating book: Clean Code: A Handbook of Agile Software Craftsmanship
2026-07-20 13:07:04 - app - INFO - Book created successfully: 32
2026-07-20 13:14:08 - uvicorn.error - INFO - Shutting down
2026-07-20 13:14:09 - uvicorn.error - INFO - Waiting for application shutdown.
2026-07-20 13:14:09 - uvicorn.error - INFO - Application shutdown complete.
2026-07-20 13:14:09 - uvicorn.error - INFO - Finished server process [45637]
2026-07-20 13:14:17 - uvicorn.error - INFO - Started server process [51234]
2026-07-20 13:14:17 - uvicorn.error - INFO - Waiting for application startup.
2026-07-20 13:14:20 - uvicorn.error - INFO - Application startup complete.
2026-07-20 13:14:20 - uvicorn.error - INFO - Shutting down
2026-07-20 13:14:21 - uvicorn.error - INFO - Waiting for application shutdown.
2026-07-20 13:14:21 - uvicorn.error - INFO - Application shutdown complete.
2026-07-20 13:14:21 - uvicorn.error - INFO - Finished server process [51234]
2026-07-20 13:14:22 - uvicorn.error - INFO - Started server process [51323]
2026-07-20 13:14:22 - uvicorn.error - INFO - Waiting for application startup.
2026-07-20 13:14:25 - uvicorn.error - INFO - Application startup complete.
2026-07-20 13:15:36 - uvicorn.error - INFO - Shutting down
2026-07-20 13:15:36 - uvicorn.error - INFO - Waiting for application shutdown.
2026-07-20 13:15:36 - uvicorn.error - INFO - Application shutdown complete.
2026-07-20 13:15:36 - uvicorn.error - INFO - Finished server process [51323]
2026-07-20 13:15:38 - uvicorn.error - INFO - Started server process [51722]
2026-07-20 13:15:38 - uvicorn.error - INFO - Waiting for application startup.
2026-07-20 13:15:41 - uvicorn.error - INFO - Application startup complete.
2026-07-20 13:15:44 - uvicorn.error - INFO - Shutting down
2026-07-20 13:15:44 - uvicorn.error - INFO - Waiting for application shutdown.
2026-07-20 13:15:44 - uvicorn.error - INFO - Application shutdown complete.
2026-07-20 13:15:44 - uvicorn.error - INFO - Finished server process [51722]
2026-07-20 13:20:20 - uvicorn.error - INFO - Started server process [53312]
2026-07-20 13:20:20 - uvicorn.error - INFO - Waiting for application startup.
2026-07-20 13:20:23 - uvicorn.error - INFO - Application startup complete.
2026-07-20 13:20:34 - uvicorn.error - INFO - Shutting down
2026-07-20 13:20:34 - uvicorn.error - INFO - Waiting for application shutdown.
2026-07-20 13:20:34 - uvicorn.error - INFO - Application shutdown complete.
2026-07-20 13:20:34 - uvicorn.error - INFO - Finished server process [53312]
2026-07-20 13:20:36 - uvicorn.error - INFO - Started server process [53441]
2026-07-20 13:20:36 - uvicorn.error - INFO - Waiting for application startup.
2026-07-20 13:20:39 - uvicorn.error - INFO - Application startup complete.
2026-07-20 13:20:42 - uvicorn.error - INFO - Shutting down
2026-07-20 13:20:43 - uvicorn.error - INFO - Waiting for application shutdown.
2026-07-20 13:20:43 - uvicorn.error - INFO - Application shutdown complete.
2026-07-20 13:20:43 - uvicorn.error - INFO - Finished server process [53441]
2026-07-20 13:20:44 - uvicorn.error - INFO - Started server process [53550]
2026-07-20 13:20:44 - uvicorn.error - INFO - Waiting for application startup.
2026-07-20 13:20:47 - uvicorn.error - INFO - Application startup complete.
2026-07-20 13:21:18 - uvicorn.error - INFO - Shutting down
2026-07-20 13:21:18 - uvicorn.error - INFO - Waiting for application shutdown.
2026-07-20 13:21:18 - uvicorn.error - INFO - Application shutdown complete.
2026-07-20 13:21:18 - uvicorn.error - INFO - Finished server process [53550]
2026-07-20 13:21:19 - uvicorn.error - INFO - Started server process [53731]
2026-07-20 13:21:19 - uvicorn.error - INFO - Waiting for application startup.
2026-07-20 13:21:22 - uvicorn.error - INFO - Application startup complete.
2026-07-20 13:21:22 - uvicorn.error - INFO - Shutting down
2026-07-20 13:21:22 - uvicorn.error - INFO - Waiting for application shutdown.
2026-07-20 13:21:23 - uvicorn.error - INFO - Application shutdown complete.
2026-07-20 13:21:23 - uvicorn.error - INFO - Finished server process [53731]
2026-07-20 13:21:24 - uvicorn.error - INFO - Started server process [53798]
2026-07-20 13:21:24 - uvicorn.error - INFO - Waiting for application startup.
2026-07-20 13:21:26 - uvicorn.error - INFO - Application startup complete.
2026-07-20 13:21:26 - uvicorn.error - INFO - Shutting down
2026-07-20 13:21:26 - uvicorn.error - INFO - Waiting for application shutdown.
2026-07-20 13:21:27 - uvicorn.error - INFO - Application shutdown complete.
2026-07-20 13:21:27 - uvicorn.error - INFO - Finished server process [53798]
2026-07-20 13:21:28 - uvicorn.error - INFO - Started server process [53848]
2026-07-20 13:21:28 - uvicorn.error - INFO - Waiting for application startup.
2026-07-20 13:21:31 - uvicorn.error - INFO - Application startup complete.
2026-07-20 13:21:32 - uvicorn.error - INFO - Shutting down
2026-07-20 13:21:32 - uvicorn.error - INFO - Waiting for application shutdown.
2026-07-20 13:21:32 - uvicorn.error - INFO - Application shutdown complete.
2026-07-20 13:21:32 - uvicorn.error - INFO - Finished server process [53848]
2026-07-20 13:21:34 - uvicorn.error - INFO - Started server process [53905]
2026-07-20 13:21:34 - uvicorn.error - INFO - Waiting for application startup.
2026-07-20 13:21:36 - uvicorn.error - INFO - Application startup complete.
2026-07-20 13:21:37 - uvicorn.error - INFO - Shutting down
2026-07-20 13:21:37 - uvicorn.error - INFO - Waiting for application shutdown.
2026-07-20 13:21:37 - uvicorn.error - INFO - Application shutdown complete.
2026-07-20 13:21:37 - uvicorn.error - INFO - Finished server process [53905]
2026-07-20 13:21:40 - uvicorn.error - INFO - Started server process [53965]
2026-07-20 13:21:40 - uvicorn.error - INFO - Waiting for application startup.
2026-07-20 13:21:43 - uvicorn.error - INFO - Application startup complete.
2026-07-20 13:22:20 - uvicorn.error - INFO - Shutting down
2026-07-20 13:22:20 - uvicorn.error - INFO - Waiting for application shutdown.
2026-07-20 13:22:20 - uvicorn.error - INFO - Application shutdown complete.
2026-07-20 13:22:20 - uvicorn.error - INFO - Finished server process [53965]
2026-07-20 13:22:22 - uvicorn.error - INFO - Started server process [54282]
2026-07-20 13:22:22 - uvicorn.error - INFO - Waiting for application startup.
2026-07-20 13:22:26 - uvicorn.error - INFO - Application startup complete.
2026-07-20 13:22:26 - uvicorn.error - INFO - Shutting down
2026-07-20 13:22:26 - uvicorn.error - INFO - Waiting for application shutdown.
2026-07-20 13:22:26 - uvicorn.error - INFO - Application shutdown complete.
2026-07-20 13:22:26 - uvicorn.error - INFO - Finished server process [54282]
2026-07-20 13:22:28 - uvicorn.error - INFO - Started server process [54379]
2026-07-20 13:22:28 - uvicorn.error - INFO - Waiting for application startup.
2026-07-20 13:22:32 - uvicorn.error - INFO - Application startup complete.
2026-07-20 13:22:32 - uvicorn.error - INFO - Shutting down
2026-07-20 13:22:32 - uvicorn.error - INFO - Waiting for application shutdown.
2026-07-20 13:22:32 - uvicorn.error - INFO - Application shutdown complete.
2026-07-20 13:22:32 - uvicorn.error - INFO - Finished server process [54379]
2026-07-20 13:22:35 - uvicorn.error - INFO - Started server process [54476]
2026-07-20 13:22:35 - uvicorn.error - INFO - Waiting for application startup.
2026-07-20 13:22:38 - uvicorn.error - INFO - Application startup complete.
2026-07-20 13:22:38 - uvicorn.error - INFO - Shutting down
2026-07-20 13:22:38 - uvicorn.error - INFO - Waiting for application shutdown.
2026-07-20 13:22:38 - uvicorn.error - INFO - Application shutdown complete.
2026-07-20 13:22:38 - uvicorn.error - INFO - Finished server process [54476]
2026-07-20 13:22:39 - uvicorn.error - INFO - Started server process [54526]
2026-07-20 13:22:39 - uvicorn.error - INFO - Waiting for application startup.
2026-07-20 13:22:42 - uvicorn.error - INFO - Application startup complete.
2026-07-20 13:22:42 - uvicorn.error - INFO - Shutting down
2026-07-20 13:22:42 - uvicorn.error - INFO - Waiting for application shutdown.
2026-07-20 13:22:42 - uvicorn.error - INFO - Application shutdown complete.
2026-07-20 13:22:42 - uvicorn.error - INFO - Finished server process [54526]
2026-07-20 13:22:45 - uvicorn.error - INFO - Started server process [54578]
2026-07-20 13:22:45 - uvicorn.error - INFO - Waiting for application startup.
2026-07-20 13:22:47 - uvicorn.error - INFO - Application startup complete.
2026-07-20 13:24:20 - uvicorn.error - INFO - Shutting down
2026-07-20 13:24:20 - uvicorn.error - INFO - Waiting for application shutdown.
2026-07-20 13:24:20 - uvicorn.error - INFO - Application shutdown complete.
2026-07-20 13:24:20 - uvicorn.error - INFO - Finished server process [54578]
2026-07-20 13:24:22 - uvicorn.error - INFO - Started server process [55044]
2026-07-20 13:24:22 - uvicorn.error - INFO - Waiting for application startup.
2026-07-20 13:24:25 - uvicorn.error - INFO - Application startup complete.
2026-07-20 13:24:26 - uvicorn.error - INFO - Shutting down
2026-07-20 13:24:26 - uvicorn.error - INFO - Waiting for application shutdown.
2026-07-20 13:24:27 - uvicorn.error - INFO - Application shutdown complete.
2026-07-20 13:24:27 - uvicorn.error - INFO - Finished server process [55044]
2026-07-20 13:24:29 - uvicorn.error - INFO - Started server process [55140]
2026-07-20 13:24:29 - uvicorn.error - INFO - Waiting for application startup.
2026-07-20 13:24:31 - uvicorn.error - INFO - Application startup complete.
2026-07-20 13:24:33 - uvicorn.error - INFO - Shutting down
2026-07-20 13:24:33 - uvicorn.error - INFO - Waiting for application shutdown.
2026-07-20 13:24:34 - uvicorn.error - INFO - Application shutdown complete.
2026-07-20 13:24:34 - uvicorn.error - INFO - Finished server process [55140]
2026-07-20 13:24:35 - uvicorn.error - INFO - Started server process [55246]
2026-07-20 13:24:35 - uvicorn.error - INFO - Waiting for application startup.
2026-07-20 13:24:38 - uvicorn.error - INFO - Application startup complete.
2026-07-20 13:24:46 - uvicorn.error - INFO - Shutting down
2026-07-20 13:24:46 - uvicorn.error - INFO - Waiting for application shutdown.
2026-07-20 13:24:46 - uvicorn.error - INFO - Application shutdown complete.
2026-07-20 13:24:46 - uvicorn.error - INFO - Finished server process [55246]
2026-07-20 13:24:47 - uvicorn.error - INFO - Started server process [55340]
2026-07-20 13:24:47 - uvicorn.error - INFO - Waiting for application startup.
2026-07-20 13:24:50 - uvicorn.error - INFO - Application startup complete.
2026-07-20 13:24:50 - uvicorn.error - INFO - Shutting down
2026-07-20 13:24:50 - uvicorn.error - INFO - Waiting for application shutdown.
2026-07-20 13:24:50 - uvicorn.error - INFO - Application shutdown complete.
2026-07-20 13:24:50 - uvicorn.error - INFO - Finished server process [55340]
2026-07-20 13:24:52 - uvicorn.error - INFO - Started server process [55411]
2026-07-20 13:24:52 - uvicorn.error - INFO - Waiting for application startup.
2026-07-20 13:24:55 - uvicorn.error - INFO - Application startup complete.
2026-07-20 13:24:55 - uvicorn.error - INFO - Shutting down
2026-07-20 13:24:56 - uvicorn.error - INFO - Waiting for application shutdown.
2026-07-20 13:24:56 - uvicorn.error - INFO - Application shutdown complete.
2026-07-20 13:24:56 - uvicorn.error - INFO - Finished server process [55411]
2026-07-20 13:24:58 - uvicorn.error - INFO - Started server process [55515]
2026-07-20 13:24:58 - uvicorn.error - INFO - Waiting for application startup.
2026-07-20 13:25:00 - uvicorn.error - INFO - Application startup complete.
2026-07-20 13:25:00 - uvicorn.error - INFO - Shutting down
2026-07-20 13:25:00 - uvicorn.error - INFO - Waiting for application shutdown.
2026-07-20 13:25:01 - uvicorn.error - INFO - Application shutdown complete.
2026-07-20 13:25:01 - uvicorn.error - INFO - Finished server process [55515]
2026-07-20 13:25:02 - uvicorn.error - INFO - Started server process [55587]
2026-07-20 13:25:02 - uvicorn.error - INFO - Waiting for application startup.
2026-07-20 13:25:05 - uvicorn.error - INFO - Application startup complete.
2026-07-20 13:25:05 - uvicorn.error - INFO - Shutting down
2026-07-20 13:25:06 - uvicorn.error - INFO - Waiting for application shutdown.
2026-07-20 13:25:06 - uvicorn.error - INFO - Application shutdown complete.
2026-07-20 13:25:06 - uvicorn.error - INFO - Finished server process [55587]
2026-07-20 13:25:07 - uvicorn.error - INFO - Started server process [55646]
2026-07-20 13:25:07 - uvicorn.error - INFO - Waiting for application startup.
2026-07-20 13:25:10 - uvicorn.error - INFO - Application startup complete.
2026-07-20 13:25:10 - uvicorn.error - INFO - Shutting down
2026-07-20 13:25:10 - uvicorn.error - INFO - Waiting for application shutdown.
2026-07-20 13:25:10 - uvicorn.error - INFO - Application shutdown complete.
2026-07-20 13:25:10 - uvicorn.error - INFO - Finished server process [55646]
2026-07-20 13:25:12 - uvicorn.error - INFO - Started server process [55718]
2026-07-20 13:25:12 - uvicorn.error - INFO - Waiting for application startup.
2026-07-20 13:25:15 - uvicorn.error - INFO - Application startup complete.
2026-07-20 13:25:15 - uvicorn.error - INFO - Shutting down
2026-07-20 13:25:15 - uvicorn.error - INFO - Waiting for application shutdown.
2026-07-20 13:25:15 - uvicorn.error - INFO - Application shutdown complete.
2026-07-20 13:25:15 - uvicorn.error - INFO - Finished server process [55718]
2026-07-20 13:25:16 - uvicorn.error - INFO - Started server process [55779]
2026-07-20 13:25:16 - uvicorn.error - INFO - Waiting for application startup.
2026-07-20 13:25:19 - uvicorn.error - INFO - Application startup complete.
2026-07-20 13:25:19 - uvicorn.error - INFO - Shutting down
2026-07-20 13:25:19 - uvicorn.error - INFO - Waiting for application shutdown.
2026-07-20 13:25:19 - uvicorn.error - INFO - Application shutdown complete.
2026-07-20 13:25:19 - uvicorn.error - INFO - Finished server process [55779]
2026-07-20 13:25:21 - uvicorn.error - INFO - Started server process [55831]
2026-07-20 13:25:21 - uvicorn.error - INFO - Waiting for application startup.
2026-07-20 13:25:24 - uvicorn.error - INFO - Application startup complete.
2026-07-20 13:25:33 - uvicorn.error - INFO - Shutting down
2026-07-20 13:25:33 - uvicorn.error - INFO - Waiting for application shutdown.
2026-07-20 13:25:33 - uvicorn.error - INFO - Application shutdown complete.
2026-07-20 13:25:33 - uvicorn.error - INFO - Finished server process [55831]
2026-07-20 13:25:35 - uvicorn.error - INFO - Started server process [55965]
2026-07-20 13:25:35 - uvicorn.error - INFO - Waiting for application startup.
2026-07-20 13:25:39 - uvicorn.error - INFO - Application startup complete.
2026-07-20 13:25:43 - uvicorn.error - INFO - Shutting down
2026-07-20 13:25:43 - uvicorn.error - INFO - Waiting for application shutdown.
2026-07-20 13:25:43 - uvicorn.error - INFO - Application shutdown complete.
2026-07-20 13:25:43 - uvicorn.error - INFO - Finished server process [55965]
2026-07-20 13:25:45 - uvicorn.error - INFO - Started server process [56084]
2026-07-20 13:25:45 - uvicorn.error - INFO - Waiting for application startup.
2026-07-20 13:25:48 - uvicorn.error - INFO - Application startup complete.
2026-07-20 13:25:49 - uvicorn.error - INFO - Shutting down
2026-07-20 13:25:49 - uvicorn.error - INFO - Waiting for application shutdown.
2026-07-20 13:25:49 - uvicorn.error - INFO - Application shutdown complete.
2026-07-20 13:25:49 - uvicorn.error - INFO - Finished server process [56084]
2026-07-20 13:25:51 - uvicorn.error - INFO - Started server process [56168]
2026-07-20 13:25:51 - uvicorn.error - INFO - Waiting for application startup.
2026-07-20 13:25:53 - uvicorn.error - INFO - Application startup complete.
2026-07-20 13:25:53 - uvicorn.error - INFO - Shutting down
2026-07-20 13:25:53 - uvicorn.error - INFO - Waiting for application shutdown.
2026-07-20 13:25:54 - uvicorn.error - INFO - Application shutdown complete.
2026-07-20 13:25:54 - uvicorn.error - INFO - Finished server process [56168]
2026-07-20 13:25:55 - uvicorn.error - INFO - Started server process [56247]
2026-07-20 13:25:55 - uvicorn.error - INFO - Waiting for application startup.
2026-07-20 13:25:58 - uvicorn.error - INFO - Application startup complete.
2026-07-20 13:25:58 - uvicorn.error - INFO - Shutting down
2026-07-20 13:25:58 - uvicorn.error - INFO - Waiting for application shutdown.
2026-07-20 13:25:58 - uvicorn.error - INFO - Application shutdown complete.
2026-07-20 13:25:58 - uvicorn.error - INFO - Finished server process [56247]
2026-07-20 13:25:59 - uvicorn.error - INFO - Started server process [56317]
2026-07-20 13:25:59 - uvicorn.error - INFO - Waiting for application startup.
2026-07-20 13:26:03 - uvicorn.error - INFO - Application startup complete.
2026-07-20 13:26:07 - uvicorn.error - INFO - Shutting down
2026-07-20 13:26:07 - uvicorn.error - INFO - Waiting for application shutdown.
2026-07-20 13:26:07 - uvicorn.error - INFO - Application shutdown complete.
2026-07-20 13:26:07 - uvicorn.error - INFO - Finished server process [56317]
2026-07-20 13:26:08 - uvicorn.error - INFO - Started server process [56485]
2026-07-20 13:26:08 - uvicorn.error - INFO - Waiting for application startup.
2026-07-20 13:26:11 - uvicorn.error - INFO - Application startup complete.
2026-07-20 13:26:11 - uvicorn.error - INFO - Shutting down
2026-07-20 13:26:12 - uvicorn.error - INFO - Waiting for application shutdown.
2026-07-20 13:26:12 - uvicorn.error - INFO - Application shutdown complete.
2026-07-20 13:26:12 - uvicorn.error - INFO - Finished server process [56485]
2026-07-20 13:26:14 - uvicorn.error - INFO - Started server process [56548]
2026-07-20 13:26:14 - uvicorn.error - INFO - Waiting for application startup.
2026-07-20 13:26:17 - uvicorn.error - INFO - Application startup complete.
2026-07-20 13:26:17 - uvicorn.error - INFO - Shutting down
2026-07-20 13:26:17 - uvicorn.error - INFO - Waiting for application shutdown.
2026-07-20 13:26:17 - uvicorn.error - INFO - Application shutdown complete.
2026-07-20 13:26:17 - uvicorn.error - INFO - Finished server process [56548]
2026-07-20 13:26:18 - uvicorn.error - INFO - Started server process [56597]
2026-07-20 13:26:18 - uvicorn.error - INFO - Waiting for application startup.
2026-07-20 13:26:21 - uvicorn.error - INFO - Application startup complete.
2026-07-20 13:26:21 - uvicorn.error - INFO - Shutting down
2026-07-20 13:26:21 - uvicorn.error - INFO - Waiting for application shutdown.
2026-07-20 13:26:21 - uvicorn.error - INFO - Application shutdown complete.
2026-07-20 13:26:21 - uvicorn.error - INFO - Finished server process [56597]
2026-07-20 13:26:22 - uvicorn.error - INFO - Started server process [56646]
2026-07-20 13:26:22 - uvicorn.error - INFO - Waiting for application startup.
2026-07-20 13:26:25 - uvicorn.error - INFO - Application startup complete.
2026-07-20 13:26:27 - uvicorn.error - INFO - Shutting down
2026-07-20 13:26:27 - uvicorn.error - INFO - Waiting for application shutdown.
2026-07-20 13:26:27 - uvicorn.error - INFO - Application shutdown complete.
2026-07-20 13:26:27 - uvicorn.error - INFO - Finished server process [56646]
2026-07-20 13:26:29 - uvicorn.error - INFO - Started server process [56725]
2026-07-20 13:26:29 - uvicorn.error - INFO - Waiting for application startup.
2026-07-20 13:26:32 - uvicorn.error - INFO - Application startup complete.
2026-07-20 13:26:44 - uvicorn.error - INFO - Shutting down
2026-07-20 13:26:44 - uvicorn.error - INFO - Waiting for application shutdown.
2026-07-20 13:26:44 - uvicorn.error - INFO - Application shutdown complete.
2026-07-20 13:26:44 - uvicorn.error - INFO - Finished server process [56725]
2026-07-20 13:26:45 - uvicorn.error - INFO - Started server process [56855]
2026-07-20 13:26:45 - uvicorn.error - INFO - Waiting for application startup.
2026-07-20 13:26:48 - uvicorn.error - INFO - Application startup complete.
2026-07-20 13:26:48 - uvicorn.error - INFO - Shutting down
2026-07-20 13:26:48 - uvicorn.error - INFO - Waiting for application shutdown.
2026-07-20 13:26:48 - uvicorn.error - INFO - Application shutdown complete.
2026-07-20 13:26:48 - uvicorn.error - INFO - Finished server process [56855]
2026-07-20 13:26:51 - uvicorn.error - INFO - Started server process [56936]
2026-07-20 13:26:51 - uvicorn.error - INFO - Waiting for application startup.
2026-07-20 13:26:54 - uvicorn.error - INFO - Application startup complete.
2026-07-20 13:26:54 - uvicorn.error - INFO - Shutting down
2026-07-20 13:26:54 - uvicorn.error - INFO - Waiting for application shutdown.
2026-07-20 13:26:54 - uvicorn.error - INFO - Application shutdown complete.
2026-07-20 13:26:54 - uvicorn.error - INFO - Finished server process [56936]
2026-07-20 13:26:55 - uvicorn.error - INFO - Started server process [57006]
2026-07-20 13:26:55 - uvicorn.error - INFO - Waiting for application startup.
2026-07-20 13:26:58 - uvicorn.error - INFO - Application startup complete.
2026-07-20 13:27:12 - uvicorn.error - INFO - Shutting down
2026-07-20 13:27:12 - uvicorn.error - INFO - Waiting for application shutdown.
2026-07-20 13:27:13 - uvicorn.error - INFO - Application shutdown complete.
2026-07-20 13:27:13 - uvicorn.error - INFO - Finished server process [57006]
2026-07-20 13:27:14 - uvicorn.error - INFO - Started server process [57162]
2026-07-20 13:27:14 - uvicorn.error - INFO - Waiting for application startup.
2026-07-20 13:27:17 - uvicorn.error - INFO - Application startup complete.
2026-07-20 13:27:17 - uvicorn.error - INFO - Shutting down
2026-07-20 13:27:17 - uvicorn.error - INFO - Waiting for application shutdown.
2026-07-20 13:27:17 - uvicorn.error - INFO - Application shutdown complete.
2026-07-20 13:27:17 - uvicorn.error - INFO - Finished server process [57162]
2026-07-20 13:27:19 - uvicorn.error - INFO - Started server process [57247]
2026-07-20 13:27:19 - uvicorn.error - INFO - Waiting for application startup.
2026-07-20 13:27:22 - uvicorn.error - INFO - Application startup complete.
2026-07-20 13:27:23 - uvicorn.error - INFO - Shutting down
2026-07-20 13:27:24 - uvicorn.error - INFO - Waiting for application shutdown.
2026-07-20 13:27:24 - uvicorn.error - INFO - Application shutdown complete.
2026-07-20 13:27:24 - uvicorn.error - INFO - Finished server process [57247]
2026-07-20 13:27:25 - uvicorn.error - INFO - Started server process [57343]
2026-07-20 13:27:25 - uvicorn.error - INFO - Waiting for application startup.
2026-07-20 13:27:28 - uvicorn.error - INFO - Application startup complete.
2026-07-20 13:27:28 - uvicorn.error - INFO - Shutting down
2026-07-20 13:27:28 - uvicorn.error - INFO - Waiting for application shutdown.
2026-07-20 13:27:28 - uvicorn.error - INFO - Application shutdown complete.
2026-07-20 13:27:28 - uvicorn.error - INFO - Finished server process [57343]
2026-07-20 13:27:30 - uvicorn.error - INFO - Started server process [57417]
2026-07-20 13:27:30 - uvicorn.error - INFO - Waiting for application startup.
2026-07-20 13:27:33 - uvicorn.error - INFO - Application startup complete.
2026-07-20 13:27:33 - uvicorn.error - INFO - Shutting down
2026-07-20 13:27:33 - uvicorn.error - INFO - Waiting for application shutdown.
2026-07-20 13:27:33 - uvicorn.error - INFO - Application shutdown complete.
2026-07-20 13:27:33 - uvicorn.error - INFO - Finished server process [57417]
2026-07-20 13:27:35 - uvicorn.error - INFO - Started server process [57498]
2026-07-20 13:27:35 - uvicorn.error - INFO - Waiting for application startup.
2026-07-20 13:27:37 - uvicorn.error - INFO - Application startup complete.
2026-07-20 13:27:40 - uvicorn.error - INFO - Shutting down
2026-07-20 13:27:40 - uvicorn.error - INFO - Waiting for application shutdown.
2026-07-20 13:27:40 - uvicorn.error - INFO - Application shutdown complete.
2026-07-20 13:27:40 - uvicorn.error - INFO - Finished server process [57498]
2026-07-20 13:27:41 - uvicorn.error - INFO - Started server process [57591]
2026-07-20 13:27:41 - uvicorn.error - INFO - Waiting for application startup.
2026-07-20 13:27:44 - uvicorn.error - INFO - Application startup complete.
2026-07-20 13:27:44 - uvicorn.error - INFO - Shutting down
2026-07-20 13:27:44 - uvicorn.error - INFO - Waiting for application shutdown.
2026-07-20 13:27:44 - uvicorn.error - INFO - Application shutdown complete.
2026-07-20 13:27:44 - uvicorn.error - INFO - Finished server process [57591]
2026-07-20 13:27:47 - uvicorn.error - INFO - Started server process [57665]
2026-07-20 13:27:47 - uvicorn.error - INFO - Waiting for application startup.
2026-07-20 13:27:51 - uvicorn.error - INFO - Application startup complete.
2026-07-20 13:27:51 - uvicorn.error - INFO - Shutting down
2026-07-20 13:27:51 - uvicorn.error - INFO - Waiting for application shutdown.
2026-07-20 13:27:51 - uvicorn.error - INFO - Application shutdown complete.
2026-07-20 13:27:51 - uvicorn.error - INFO - Finished server process [57665]
2026-07-20 13:27:52 - uvicorn.error - INFO - Started server process [57763]
2026-07-20 13:27:52 - uvicorn.error - INFO - Waiting for application startup.
2026-07-20 13:27:55 - uvicorn.error - INFO - Application startup complete.
2026-07-20 13:28:08 - uvicorn.error - INFO - Shutting down
2026-07-20 13:28:09 - uvicorn.error - INFO - Waiting for application shutdown.
2026-07-20 13:28:09 - uvicorn.error - INFO - Application shutdown complete.
2026-07-20 13:28:09 - uvicorn.error - INFO - Finished server process [57763]
2026-07-20 13:28:10 - uvicorn.error - INFO - Started server process [57908]
2026-07-20 13:28:10 - uvicorn.error - INFO - Waiting for application startup.
2026-07-20 13:28:14 - uvicorn.error - INFO - Application startup complete.
2026-07-20 13:28:17 - uvicorn.error - INFO - Shutting down
2026-07-20 13:28:17 - uvicorn.error - INFO - Waiting for application shutdown.
2026-07-20 13:28:17 - uvicorn.error - INFO - Application shutdown complete.
2026-07-20 13:28:17 - uvicorn.error - INFO - Finished server process [57908]
2026-07-20 13:28:19 - uvicorn.error - INFO - Started server process [58016]
2026-07-20 13:28:19 - uvicorn.error - INFO - Waiting for application startup.
2026-07-20 13:28:21 - uvicorn.error - INFO - Application startup complete.
2026-07-20 13:28:21 - uvicorn.error - INFO - Shutting down
2026-07-20 13:28:21 - uvicorn.error - INFO - Waiting for application shutdown.
2026-07-20 13:28:22 - uvicorn.error - INFO - Application shutdown complete.
2026-07-20 13:28:22 - uvicorn.error - INFO - Finished server process [58016]
2026-07-20 13:28:23 - uvicorn.error - INFO - Started server process [58065]
2026-07-20 13:28:23 - uvicorn.error - INFO - Waiting for application startup.
2026-07-20 13:28:25 - uvicorn.error - INFO - Application startup complete.
2026-07-20 13:28:35 - uvicorn.error - INFO - Shutting down
2026-07-20 13:28:35 - uvicorn.error - INFO - Waiting for application shutdown.
2026-07-20 13:28:35 - uvicorn.error - INFO - Application shutdown complete.
2026-07-20 13:28:35 - uvicorn.error - INFO - Finished server process [58065]
2026-07-20 13:28:38 - uvicorn.error - INFO - Started server process [58196]
2026-07-20 13:28:38 - uvicorn.error - INFO - Waiting for application startup.
2026-07-20 13:28:40 - uvicorn.error - INFO - Application startup complete.
2026-07-20 13:28:40 - uvicorn.error - INFO - Shutting down
2026-07-20 13:28:40 - uvicorn.error - INFO - Waiting for application shutdown.
2026-07-20 13:28:41 - uvicorn.error - INFO - Application shutdown complete.
2026-07-20 13:28:41 - uvicorn.error - INFO - Finished server process [58196]
2026-07-20 13:28:42 - uvicorn.error - INFO - Started server process [58254]
2026-07-20 13:28:42 - uvicorn.error - INFO - Waiting for application startup.
2026-07-20 13:28:45 - uvicorn.error - INFO - Application startup complete.
2026-07-20 13:28:45 - uvicorn.error - INFO - Shutting down
2026-07-20 13:28:45 - uvicorn.error - INFO - Waiting for application shutdown.
2026-07-20 13:28:45 - uvicorn.error - INFO - Application shutdown complete.
2026-07-20 13:28:45 - uvicorn.error - INFO - Finished server process [58254]
2026-07-20 13:28:46 - uvicorn.error - INFO - Started server process [58329]
2026-07-20 13:28:46 - uvicorn.error - INFO - Waiting for application startup.
2026-07-20 13:28:49 - uvicorn.error - INFO - Application startup complete.
2026-07-20 13:28:49 - uvicorn.error - INFO - Shutting down
2026-07-20 13:28:49 - uvicorn.error - INFO - Waiting for application shutdown.
2026-07-20 13:28:49 - uvicorn.error - INFO - Application shutdown complete.
2026-07-20 13:28:49 - uvicorn.error - INFO - Finished server process [58329]
2026-07-20 13:28:50 - uvicorn.error - INFO - Started server process [58383]
2026-07-20 13:28:50 - uvicorn.error - INFO - Waiting for application startup.
2026-07-20 13:28:53 - uvicorn.error - INFO - Application startup complete.
2026-07-20 13:28:54 - uvicorn.error - INFO - Shutting down
2026-07-20 13:28:54 - uvicorn.error - INFO - Waiting for application shutdown.
2026-07-20 13:28:54 - uvicorn.error - INFO - Application shutdown complete.
2026-07-20 13:28:54 - uvicorn.error - INFO - Finished server process [58383]
2026-07-20 13:28:55 - uvicorn.error - INFO - Started server process [58443]
2026-07-20 13:28:55 - uvicorn.error - INFO - Waiting for application startup.
2026-07-20 13:28:58 - uvicorn.error - INFO - Application startup complete.
2026-07-20 13:28:58 - uvicorn.error - INFO - Shutting down
2026-07-20 13:28:58 - uvicorn.error - INFO - Waiting for application shutdown.
2026-07-20 13:28:58 - uvicorn.error - INFO - Application shutdown complete.
2026-07-20 13:28:58 - uvicorn.error - INFO - Finished server process [58443]
2026-07-20 13:29:00 - uvicorn.error - INFO - Started server process [58494]
2026-07-20 13:29:00 - uvicorn.error - INFO - Waiting for application startup.
2026-07-20 13:29:02 - uvicorn.error - INFO - Application startup complete.
2026-07-20 13:29:02 - uvicorn.error - INFO - Shutting down
2026-07-20 13:29:02 - uvicorn.error - INFO - Waiting for application shutdown.
2026-07-20 13:29:03 - uvicorn.error - INFO - Application shutdown complete.
2026-07-20 13:29:03 - uvicorn.error - INFO - Finished server process [58494]
2026-07-20 13:29:05 - uvicorn.error - INFO - Started server process [58553]
2026-07-20 13:29:05 - uvicorn.error - INFO - Waiting for application startup.
2026-07-20 13:29:07 - uvicorn.error - INFO - Application startup complete.
2026-07-20 13:29:08 - uvicorn.error - INFO - Shutting down
2026-07-20 13:29:08 - uvicorn.error - INFO - Waiting for application shutdown.
2026-07-20 13:29:08 - uvicorn.error - INFO - Application shutdown complete.
2026-07-20 13:29:08 - uvicorn.error - INFO - Finished server process [58553]
2026-07-20 13:29:10 - uvicorn.error - INFO - Started server process [58604]
2026-07-20 13:29:10 - uvicorn.error - INFO - Waiting for application startup.
2026-07-20 13:29:13 - uvicorn.error - INFO - Application startup complete.
2026-07-20 13:29:13 - uvicorn.error - INFO - Shutting down
2026-07-20 13:29:13 - uvicorn.error - INFO - Waiting for application shutdown.
2026-07-20 13:29:13 - uvicorn.error - INFO - Application shutdown complete.
2026-07-20 13:29:13 - uvicorn.error - INFO - Finished server process [58604]
2026-07-20 13:29:15 - uvicorn.error - INFO - Started server process [58667]
2026-07-20 13:29:15 - uvicorn.error - INFO - Waiting for application startup.
2026-07-20 13:29:17 - uvicorn.error - INFO - Application startup complete.
2026-07-20 13:29:51 - uvicorn.error - INFO - Shutting down
2026-07-20 13:29:51 - uvicorn.error - INFO - Waiting for application shutdown.
2026-07-20 13:29:51 - uvicorn.error - INFO - Application shutdown complete.
2026-07-20 13:29:51 - uvicorn.error - INFO - Finished server process [58667]
2026-07-20 13:29:53 - uvicorn.error - INFO - Started server process [58881]
2026-07-20 13:29:53 - uvicorn.error - INFO - Waiting for application startup.
2026-07-20 13:29:55 - uvicorn.error - INFO - Application startup complete.
2026-07-20 13:29:55 - uvicorn.error - INFO - Shutting down
2026-07-20 13:29:55 - uvicorn.error - INFO - Waiting for application shutdown.
2026-07-20 13:29:56 - uvicorn.error - INFO - Application shutdown complete.
2026-07-20 13:29:56 - uvicorn.error - INFO - Finished server process [58881]
2026-07-20 13:29:57 - uvicorn.error - INFO - Started server process [58949]
2026-07-20 13:29:57 - uvicorn.error - INFO - Waiting for application startup.
2026-07-20 13:29:59 - uvicorn.error - INFO - Application startup complete.
2026-07-20 13:29:59 - uvicorn.error - INFO - Shutting down
2026-07-20 13:30:00 - uvicorn.error - INFO - Waiting for application shutdown.
2026-07-20 13:30:00 - uvicorn.error - INFO - Application shutdown complete.
2026-07-20 13:30:00 - uvicorn.error - INFO - Finished server process [58949]
2026-07-20 13:30:01 - uvicorn.error - INFO - Started server process [58998]
2026-07-20 13:30:01 - uvicorn.error - INFO - Waiting for application startup.
2026-07-20 13:30:04 - uvicorn.error - INFO - Application startup complete.
2026-07-20 13:30:04 - uvicorn.error - INFO - Shutting down
2026-07-20 13:30:04 - uvicorn.error - INFO - Waiting for application shutdown.
2026-07-20 13:30:04 - uvicorn.error - INFO - Application shutdown complete.
2026-07-20 13:30:04 - uvicorn.error - INFO - Finished server process [58998]
2026-07-20 13:30:06 - uvicorn.error - INFO - Started server process [59049]
2026-07-20 13:30:06 - uvicorn.error - INFO - Waiting for application startup.
2026-07-20 13:30:09 - uvicorn.error - INFO - Application startup complete.
2026-07-20 13:30:09 - uvicorn.error - INFO - Shutting down
2026-07-20 13:30:09 - uvicorn.error - INFO - Waiting for application shutdown.
2026-07-20 13:30:09 - uvicorn.error - INFO - Application shutdown complete.
2026-07-20 13:30:09 - uvicorn.error - INFO - Finished server process [59049]
2026-07-20 13:30:11 - uvicorn.error - INFO - Started server process [59114]
2026-07-20 13:30:11 - uvicorn.error - INFO - Waiting for application startup.
2026-07-20 13:30:14 - uvicorn.error - INFO - Application startup complete.
2026-07-20 13:30:14 - uvicorn.error - INFO - Shutting down
2026-07-20 13:30:15 - uvicorn.error - INFO - Waiting for application shutdown.
2026-07-20 13:30:15 - uvicorn.error - INFO - Application shutdown complete.
2026-07-20 13:30:15 - uvicorn.error - INFO - Finished server process [59114]
2026-07-20 13:30:16 - uvicorn.error - INFO - Started server process [59168]
2026-07-20 13:30:16 - uvicorn.error - INFO - Waiting for application startup.
2026-07-20 13:30:19 - uvicorn.error - INFO - Application startup complete.
2026-07-20 13:30:21 - uvicorn.error - INFO - Shutting down
2026-07-20 13:30:21 - uvicorn.error - INFO - Waiting for application shutdown.
2026-07-20 13:30:21 - uvicorn.error - INFO - Application shutdown complete.
2026-07-20 13:30:21 - uvicorn.error - INFO - Finished server process [59168]
2026-07-20 13:30:23 - uvicorn.error - INFO - Started server process [59233]
2026-07-20 13:30:23 - uvicorn.error - INFO - Waiting for application startup.
2026-07-20 13:30:28 - uvicorn.error - INFO - Application startup complete.
2026-07-20 13:30:28 - uvicorn.error - INFO - Shutting down
2026-07-20 13:30:28 - uvicorn.error - INFO - Waiting for application shutdown.
2026-07-20 13:30:28 - uvicorn.error - INFO - Application shutdown complete.
2026-07-20 13:30:28 - uvicorn.error - INFO - Finished server process [59233]
2026-07-20 13:30:30 - uvicorn.error - INFO - Started server process [59308]
2026-07-20 13:30:30 - uvicorn.error - INFO - Waiting for application startup.
2026-07-20 13:30:34 - uvicorn.error - INFO - Application startup complete.
2026-07-20 13:30:34 - uvicorn.error - INFO - Shutting down
2026-07-20 13:30:34 - uvicorn.error - INFO - Waiting for application shutdown.
2026-07-20 13:30:34 - uvicorn.error - INFO - Application shutdown complete.
2026-07-20 13:30:34 - uvicorn.error - INFO - Finished server process [59308]
2026-07-20 13:30:36 - uvicorn.error - INFO - Started server process [59398]
2026-07-20 13:30:36 - uvicorn.error - INFO - Waiting for application startup.
2026-07-20 13:30:38 - uvicorn.error - INFO - Application startup complete.
2026-07-20 13:30:40 - uvicorn.error - INFO - Shutting down
2026-07-20 13:30:40 - uvicorn.error - INFO - Waiting for application shutdown.
2026-07-20 13:30:40 - uvicorn.error - INFO - Application shutdown complete.
2026-07-20 13:30:40 - uvicorn.error - INFO - Finished server process [59398]
2026-07-20 13:30:42 - uvicorn.error - INFO - Started server process [59478]
2026-07-20 13:30:42 - uvicorn.error - INFO - Waiting for application startup.
2026-07-20 13:30:44 - uvicorn.error - INFO - Application startup complete.
2026-07-20 13:30:49 - uvicorn.error - INFO - Shutting down
2026-07-20 13:30:49 - uvicorn.error - INFO - Waiting for application shutdown.
2026-07-20 13:30:49 - uvicorn.error - INFO - Application shutdown complete.
2026-07-20 13:30:49 - uvicorn.error - INFO - Finished server process [59478]
2026-07-20 13:30:50 - uvicorn.error - INFO - Started server process [59571]
2026-07-20 13:30:50 - uvicorn.error - INFO - Waiting for application startup.
2026-07-20 13:30:53 - uvicorn.error - INFO - Application startup complete.
2026-07-20 13:30:54 - uvicorn.error - INFO - Shutting down
2026-07-20 13:30:54 - uvicorn.error - INFO - Waiting for application shutdown.
2026-07-20 13:30:54 - uvicorn.error - INFO - Application shutdown complete.
2026-07-20 13:30:54 - uvicorn.error - INFO - Finished server process [59571]
2026-07-20 13:30:55 - uvicorn.error - INFO - Started server process [59657]
2026-07-20 13:30:55 - uvicorn.error - INFO - Waiting for application startup.
2026-07-20 13:30:58 - uvicorn.error - INFO - Application startup complete.
2026-07-20 13:31:26 - uvicorn.error - INFO - Shutting down
2026-07-20 13:31:26 - uvicorn.error - INFO - Waiting for application shutdown.
2026-07-20 13:31:26 - uvicorn.error - INFO - Application shutdown complete.
2026-07-20 13:31:26 - uvicorn.error - INFO - Finished server process [59657]
2026-07-20 13:31:27 - uvicorn.error - INFO - Started server process [59860]
2026-07-20 13:31:27 - uvicorn.error - INFO - Waiting for application startup.
2026-07-20 13:31:30 - uvicorn.error - INFO - Application startup complete.
2026-07-20 13:31:34 - uvicorn.error - INFO - Shutting down
2026-07-20 13:31:34 - uvicorn.error - INFO - Waiting for application shutdown.
2026-07-20 13:31:34 - uvicorn.error - INFO - Application shutdown complete.
2026-07-20 13:31:34 - uvicorn.error - INFO - Finished server process [59860]
2026-07-20 13:31:35 - uvicorn.error - INFO - Started server process [59967]
2026-07-20 13:31:35 - uvicorn.error - INFO - Waiting for application startup.
2026-07-20 13:31:38 - uvicorn.error - INFO - Application startup complete.
2026-07-20 13:31:49 - uvicorn.error - INFO - Shutting down
2026-07-20 13:31:50 - uvicorn.error - INFO - Waiting for application shutdown.
2026-07-20 13:31:50 - uvicorn.error - INFO - Application shutdown complete.
2026-07-20 13:31:50 - uvicorn.error - INFO - Finished server process [59967]
2026-07-20 13:31:51 - uvicorn.error - INFO - Started server process [60094]
2026-07-20 13:31:51 - uvicorn.error - INFO - Waiting for application startup.
2026-07-20 13:31:54 - uvicorn.error - INFO - Application startup complete.
2026-07-20 13:32:45 - uvicorn.error - INFO - Shutting down
2026-07-20 13:32:45 - uvicorn.error - INFO - Waiting for application shutdown.
2026-07-20 13:32:45 - uvicorn.error - INFO - Application shutdown complete.
2026-07-20 13:32:45 - uvicorn.error - INFO - Finished server process [60094]
2026-07-20 13:32:46 - uvicorn.error - INFO - Started server process [60423]
2026-07-20 13:32:46 - uvicorn.error - INFO - Waiting for application startup.
2026-07-20 13:32:49 - uvicorn.error - INFO - Application startup complete.
2026-07-20 13:32:54 - uvicorn.error - INFO - Shutting down
2026-07-20 13:32:54 - uvicorn.error - INFO - Waiting for application shutdown.
2026-07-20 13:32:54 - uvicorn.error - INFO - Application shutdown complete.
2026-07-20 13:32:54 - uvicorn.error - INFO - Finished server process [60423]
2026-07-20 13:32:56 - uvicorn.error - INFO - Started server process [60545]
2026-07-20 13:32:56 - uvicorn.error - INFO - Waiting for application startup.
2026-07-20 13:32:59 - uvicorn.error - INFO - Application startup complete.
2026-07-20 13:33:00 - uvicorn.error - INFO - Shutting down
2026-07-20 13:33:00 - uvicorn.error - INFO - Waiting for application shutdown.
2026-07-20 13:33:00 - uvicorn.error - INFO - Application shutdown complete.
2026-07-20 13:33:00 - uvicorn.error - INFO - Finished server process [60545]
2026-07-20 13:33:08 - uvicorn.error - INFO - Started server process [60677]
2026-07-20 13:33:08 - uvicorn.error - INFO - Waiting for application startup.
2026-07-20 13:33:11 - uvicorn.error - INFO - Application startup complete.
2026-07-20 13:33:11 - uvicorn.error - INFO - Shutting down
2026-07-20 13:33:11 - uvicorn.error - INFO - Waiting for application shutdown.
2026-07-20 13:33:11 - uvicorn.error - INFO - Application shutdown complete.
2026-07-20 13:33:11 - uvicorn.error - INFO - Finished server process [60677]
2026-07-20 13:33:15 - uvicorn.error - INFO - Started server process [60788]
2026-07-20 13:33:15 - uvicorn.error - INFO - Waiting for application startup.
2026-07-20 13:33:18 - uvicorn.error - INFO - Application startup complete.
2026-07-20 13:33:18 - uvicorn.error - INFO - Shutting down
2026-07-20 13:33:18 - uvicorn.error - INFO - Waiting for application shutdown.
2026-07-20 13:33:18 - uvicorn.error - INFO - Application shutdown complete.
2026-07-20 13:33:18 - uvicorn.error - INFO - Finished server process [60788]
2026-07-20 13:33:20 - uvicorn.error - INFO - Started server process [60849]
2026-07-20 13:33:20 - uvicorn.error - INFO - Waiting for application startup.
2026-07-20 13:33:25 - uvicorn.error - INFO - Application startup complete.
2026-07-20 13:33:25 - uvicorn.error - INFO - Shutting down
2026-07-20 13:33:25 - uvicorn.error - INFO - Waiting for application shutdown.
2026-07-20 13:33:25 - uvicorn.error - INFO - Application shutdown complete.
2026-07-20 13:33:25 - uvicorn.error - INFO - Finished server process [60849]
2026-07-20 13:33:27 - uvicorn.error - INFO - Started server process [60919]
2026-07-20 13:33:27 - uvicorn.error - INFO - Waiting for application startup.
2026-07-20 13:33:30 - uvicorn.error - INFO - Application startup complete.
2026-07-20 13:33:36 - uvicorn.error - INFO - Shutting down
2026-07-20 13:33:36 - uvicorn.error - INFO - Waiting for application shutdown.
2026-07-20 13:33:36 - uvicorn.error - INFO - Application shutdown complete.
2026-07-20 13:33:36 - uvicorn.error - INFO - Finished server process [60919]
2026-07-20 13:33:38 - uvicorn.error - INFO - Started server process [61038]
2026-07-20 13:33:38 - uvicorn.error - INFO - Waiting for application startup.
2026-07-20 13:33:41 - uvicorn.error - INFO - Application startup complete.
2026-07-20 13:33:44 - uvicorn.error - INFO - Shutting down
2026-07-20 13:33:44 - uvicorn.error - INFO - Waiting for application shutdown.
2026-07-20 13:33:44 - uvicorn.error - INFO - Application shutdown complete.
2026-07-20 13:33:44 - uvicorn.error - INFO - Finished server process [61038]
2026-07-20 13:33:46 - uvicorn.error - INFO - Started server process [61154]
2026-07-20 13:33:46 - uvicorn.error - INFO - Waiting for application startup.
2026-07-20 13:33:48 - uvicorn.error - INFO - Application startup complete.
2026-07-20 13:33:48 - uvicorn.error - INFO - Shutting down
2026-07-20 13:33:48 - uvicorn.error - INFO - Waiting for application shutdown.
2026-07-20 13:33:48 - uvicorn.error - INFO - Application shutdown complete.
2026-07-20 13:33:48 - uvicorn.error - INFO - Finished server process [61154]
2026-07-20 13:33:50 - uvicorn.error - INFO - Started server process [61203]
2026-07-20 13:33:50 - uvicorn.error - INFO - Waiting for application startup.
2026-07-20 13:33:53 - uvicorn.error - INFO - Application startup complete.
2026-07-20 13:33:56 - uvicorn.error - INFO - Shutting down
2026-07-20 13:33:56 - uvicorn.error - INFO - Waiting for application shutdown.
2026-07-20 13:33:56 - uvicorn.error - INFO - Application shutdown complete.
2026-07-20 13:33:56 - uvicorn.error - INFO - Finished server process [61203]
2026-07-20 13:33:58 - uvicorn.error - INFO - Started server process [61299]
2026-07-20 13:33:58 - uvicorn.error - INFO - Waiting for application startup.
2026-07-20 13:34:01 - uvicorn.error - INFO - Application startup complete.
2026-07-20 13:34:01 - uvicorn.error - INFO - Shutting down
2026-07-20 13:34:01 - uvicorn.error - INFO - Waiting for application shutdown.
2026-07-20 13:34:01 - uvicorn.error - INFO - Application shutdown complete.
2026-07-20 13:34:01 - uvicorn.error - INFO - Finished server process [61299]
2026-07-20 13:34:03 - uvicorn.error - INFO - Started server process [61389]
2026-07-20 13:34:03 - uvicorn.error - INFO - Waiting for application startup.
2026-07-20 13:34:06 - uvicorn.error - INFO - Application startup complete.
2026-07-20 13:34:06 - uvicorn.error - INFO - Shutting down
2026-07-20 13:34:06 - uvicorn.error - INFO - Waiting for application shutdown.
2026-07-20 13:34:06 - uvicorn.error - INFO - Application shutdown complete.
2026-07-20 13:34:06 - uvicorn.error - INFO - Finished server process [61389]
2026-07-20 13:34:08 - uvicorn.error - INFO - Started server process [61475]
2026-07-20 13:34:08 - uvicorn.error - INFO - Waiting for application startup.
2026-07-20 13:34:11 - uvicorn.error - INFO - Application startup complete.
2026-07-20 13:34:12 - uvicorn.error - INFO - Shutting down
2026-07-20 13:34:12 - uvicorn.error - INFO - Waiting for application shutdown.
2026-07-20 13:34:12 - uvicorn.error - INFO - Application shutdown complete.
2026-07-20 13:34:12 - uvicorn.error - INFO - Finished server process [61475]
2026-07-20 13:34:15 - uvicorn.error - INFO - Started server process [61578]
2026-07-20 13:34:15 - uvicorn.error - INFO - Waiting for application startup.
2026-07-20 13:34:18 - uvicorn.error - INFO - Application startup complete.
2026-07-20 13:35:01 - app.datababse - INFO - Fetching book by id: 31
2026-07-20 13:35:02 - app - INFO - Book fetched successfully: 31
2026-07-20 13:37:23 - app - INFO - Admin updating book: 31
