2026-07-18 23:43:23 - app.auth - WARNING - User already exists with that username
2026-07-18 23:43:23 - app.auth - ERROR - <class 'fastapi.exceptions.HTTPException'>
2026-07-18 23:44:54 - app.auth - WARNING - User already exists with that username
2026-07-18 23:46:24 - app.auth - INFO - raju is trying to register in application
2026-07-18 23:46:24 - app.auth - INFO - Checking if users username exists.
2026-07-18 23:46:24 - app.auth - INFO - Checking if user's email exists.
2026-07-18 23:46:24 - app.auth - WARNING - User already exists with that Email.
2026-07-19 08:33:49 - app.auth - INFO - Checking if users username exists.
2026-07-19 08:33:49 - app.auth - INFO - Checking if user's email exists.
2026-07-19 08:33:49 - app.auth - INFO - Hashing Password
2026-07-19 08:33:49 - app.auth - INFO - Hashing Password complete.
2026-07-19 08:33:49 - app.auth - INFO - New User Register Successfully.
2026-07-19 08:34:57 - app.auth - INFO - Invalid username: string or password
2026-07-19 08:35:19 - app.auth - INFO - User: string login successfully.
2026-07-19 08:41:05 - app.auth - INFO - Invalid username: string or password
2026-07-19 09:46:50 - app.auth - INFO - Invalid username: raju-07 or password
2026-07-19 09:47:11 - app.auth - INFO - User: raju-07 login successfully.
2026-07-19 09:49:05 - app.auth - INFO - Invalid username: admin123 or password
2026-07-19 09:49:46 - app.auth - INFO - User: raju-07 login successfully.
2026-07-19 09:55:48 - app.auth - INFO - User: raju-07 login successfully.
2026-07-19 10:40:58 - app.auth - INFO - User: raju-07 login successfully.
2026-07-19 12:02:13 - app.auth - INFO - User: raju-07 login successfully.
2026-07-19 22:22:48 - app.auth - INFO - User: mani login successfully.
2026-07-19 22:40:17 - app.auth - INFO - User: mani login successfully.
2026-07-19 22:42:08 - app.auth - INFO - User: mani login successfully.
2026-07-19 22:57:46 - app.auth - INFO - User: mani login successfully.
2026-07-19 22:58:39 - app.auth - INFO - User: mani login successfully.
2026-07-20 08:33:48 - app.auth - INFO - User: mani login successfully.
2026-07-20 08:34:23 - app.auth - INFO - User: mani login successfully.
