2026-07-20 12:49:03 - app.database - INFO - Database initialization started
2026-07-20 12:49:06 - app.database - INFO - Database tables initialized
2026-07-20 12:49:06 - app.database - INFO - Database initialized successfully
2026-07-20 12:51:34 - app.database - INFO - Database shutdown started
2026-07-20 12:51:35 - app.database - INFO - Database shutdown complete
2026-07-20 12:51:37 - app.database - INFO - Database initialization started
2026-07-20 12:51:41 - app.database - INFO - Database tables initialized
2026-07-20 12:51:41 - app.database - INFO - Database initialized successfully
2026-07-20 12:52:32 - app.database - INFO - Database session opened
2026-07-20 12:52:33 - app.database - INFO - Database session closed
2026-07-20 12:52:44 - app.database - INFO - Database session opened
2026-07-20 12:52:45 - app.database - INFO - Database session closed
2026-07-20 12:53:50 - app.database - INFO - Database shutdown started
2026-07-20 12:53:50 - app.database - INFO - Database shutdown complete
2026-07-20 12:56:26 - app.database - INFO - Database initialization started
2026-07-20 12:56:30 - app.database - INFO - Database tables initialized
2026-07-20 12:56:30 - app.database - INFO - Database initialized successfully
2026-07-20 12:57:54 - app.database - INFO - Database session opened
2026-07-20 12:57:56 - app.database - INFO - Database session closed
2026-07-20 12:59:18 - app.database - INFO - Database session opened
2026-07-20 12:59:19 - app.database - INFO - Database session closed
2026-07-20 12:59:37 - app.database - INFO - Database session opened
2026-07-20 12:59:38 - app.database - INFO - Database session closed
2026-07-20 13:00:10 - app.database - INFO - Database session opened
2026-07-20 13:00:10 - app.database - INFO - Database session closed
2026-07-20 13:00:58 - app.database - INFO - Database session opened
2026-07-20 13:01:00 - app.database - INFO - Database session closed
2026-07-20 13:01:19 - app.database - INFO - Database session opened
2026-07-20 13:01:20 - app.database - INFO - Database session closed
2026-07-20 13:01:35 - app.database - INFO - Database session opened
2026-07-20 13:01:36 - app.database - INFO - Database session closed
2026-07-20 13:01:44 - app.database - INFO - Database session opened
2026-07-20 13:01:45 - app.database - INFO - Database session closed
2026-07-20 13:01:50 - app.database - INFO - Database session opened
2026-07-20 13:01:50 - app.database - INFO - Database session closed
2026-07-20 13:02:00 - app.database - INFO - Database session opened
2026-07-20 13:02:00 - app.database - INFO - Database session closed
2026-07-20 13:06:41 - app.database - INFO - Database session opened
2026-07-20 13:06:41 - app.database - INFO - Database session closed
2026-07-20 13:07:02 - app.database - INFO - Database session opened
2026-07-20 13:07:04 - app.database - INFO - Database session closed
2026-07-20 13:08:28 - app.database - INFO - Database session opened
2026-07-20 13:08:30 - app.database - INFO - Database session closed
2026-07-20 13:14:09 - app.database - INFO - Database shutdown started
2026-07-20 13:14:09 - app.database - INFO - Database shutdown complete
2026-07-20 13:14:17 - app.database - INFO - Database initialization started
2026-07-20 13:14:20 - app.database - INFO - Database tables initialized
2026-07-20 13:14:20 - app.database - INFO - Database initialized successfully
2026-07-20 13:14:21 - app.database - INFO - Database shutdown started
2026-07-20 13:14:21 - app.database - INFO - Database shutdown complete
2026-07-20 13:14:22 - app.database - INFO - Database initialization started
2026-07-20 13:14:25 - app.database - INFO - Database tables initialized
2026-07-20 13:14:25 - app.database - INFO - Database initialized successfully
2026-07-20 13:15:36 - app.database - INFO - Database shutdown started
2026-07-20 13:15:36 - app.database - INFO - Database shutdown complete
2026-07-20 13:15:38 - app.database - INFO - Database initialization started
2026-07-20 13:15:41 - app.database - INFO - Database tables initialized
2026-07-20 13:15:41 - app.database - INFO - Database initialized successfully
2026-07-20 13:15:44 - app.database - INFO - Database shutdown started
2026-07-20 13:15:44 - app.database - INFO - Database shutdown complete
2026-07-20 13:20:20 - app.database - INFO - Database initialization started
2026-07-20 13:20:23 - app.database - INFO - Database tables initialized
2026-07-20 13:20:23 - app.database - INFO - Database initialized successfully
2026-07-20 13:20:34 - app.database - INFO - Database shutdown started
2026-07-20 13:20:34 - app.database - INFO - Database shutdown complete
2026-07-20 13:20:36 - app.database - INFO - Database initialization started
2026-07-20 13:20:38 - app.database - INFO - Database tables initialized
2026-07-20 13:20:39 - app.database - INFO - Database initialized successfully
2026-07-20 13:20:43 - app.database - INFO - Database shutdown started
2026-07-20 13:20:43 - app.database - INFO - Database shutdown complete
2026-07-20 13:20:44 - app.database - INFO - Database initialization started
2026-07-20 13:20:47 - app.database - INFO - Database tables initialized
2026-07-20 13:20:47 - app.database - INFO - Database initialized successfully
2026-07-20 13:21:18 - app.database - INFO - Database shutdown started
2026-07-20 13:21:18 - app.database - INFO - Database shutdown complete
2026-07-20 13:21:19 - app.database - INFO - Database initialization started
2026-07-20 13:21:22 - app.database - INFO - Database tables initialized
2026-07-20 13:21:22 - app.database - INFO - Database initialized successfully
2026-07-20 13:21:22 - app.database - INFO - Database shutdown started
2026-07-20 13:21:23 - app.database - INFO - Database shutdown complete
2026-07-20 13:21:24 - app.database - INFO - Database initialization started
2026-07-20 13:21:26 - app.database - INFO - Database tables initialized
2026-07-20 13:21:26 - app.database - INFO - Database initialized successfully
2026-07-20 13:21:26 - app.database - INFO - Database shutdown started
2026-07-20 13:21:27 - app.database - INFO - Database shutdown complete
2026-07-20 13:21:28 - app.database - INFO - Database initialization started
2026-07-20 13:21:31 - app.database - INFO - Database tables initialized
2026-07-20 13:21:31 - app.database - INFO - Database initialized successfully
2026-07-20 13:21:32 - app.database - INFO - Database shutdown started
2026-07-20 13:21:32 - app.database - INFO - Database shutdown complete
2026-07-20 13:21:34 - app.database - INFO - Database initialization started
2026-07-20 13:21:36 - app.database - INFO - Database tables initialized
2026-07-20 13:21:36 - app.database - INFO - Database initialized successfully
2026-07-20 13:21:37 - app.database - INFO - Database shutdown started
2026-07-20 13:21:37 - app.database - INFO - Database shutdown complete
2026-07-20 13:21:40 - app.database - INFO - Database initialization started
2026-07-20 13:21:42 - app.database - INFO - Database tables initialized
2026-07-20 13:21:43 - app.database - INFO - Database initialized successfully
2026-07-20 13:22:20 - app.database - INFO - Database shutdown started
2026-07-20 13:22:20 - app.database - INFO - Database shutdown complete
2026-07-20 13:22:22 - app.database - INFO - Database initialization started
2026-07-20 13:22:25 - app.database - INFO - Database tables initialized
2026-07-20 13:22:26 - app.database - INFO - Database initialized successfully
2026-07-20 13:22:26 - app.database - INFO - Database shutdown started
2026-07-20 13:22:26 - app.database - INFO - Database shutdown complete
2026-07-20 13:22:28 - app.database - INFO - Database initialization started
2026-07-20 13:22:32 - app.database - INFO - Database tables initialized
2026-07-20 13:22:32 - app.database - INFO - Database initialized successfully
2026-07-20 13:22:32 - app.database - INFO - Database shutdown started
2026-07-20 13:22:32 - app.database - INFO - Database shutdown complete
2026-07-20 13:22:35 - app.database - INFO - Database initialization started
2026-07-20 13:22:38 - app.database - INFO - Database tables initialized
2026-07-20 13:22:38 - app.database - INFO - Database initialized successfully
2026-07-20 13:22:38 - app.database - INFO - Database shutdown started
2026-07-20 13:22:38 - app.database - INFO - Database shutdown complete
2026-07-20 13:22:39 - app.database - INFO - Database initialization started
2026-07-20 13:22:42 - app.database - INFO - Database tables initialized
2026-07-20 13:22:42 - app.database - INFO - Database initialized successfully
2026-07-20 13:22:42 - app.database - INFO - Database shutdown started
2026-07-20 13:22:42 - app.database - INFO - Database shutdown complete
2026-07-20 13:22:45 - app.database - INFO - Database initialization started
2026-07-20 13:22:47 - app.database - INFO - Database tables initialized
2026-07-20 13:22:47 - app.database - INFO - Database initialized successfully
2026-07-20 13:24:20 - app.database - INFO - Database shutdown started
2026-07-20 13:24:20 - app.database - INFO - Database shutdown complete
2026-07-20 13:24:22 - app.database - INFO - Database initialization started
2026-07-20 13:24:25 - app.database - INFO - Database tables initialized
2026-07-20 13:24:25 - app.database - INFO - Database initialized successfully
2026-07-20 13:24:26 - app.database - INFO - Database shutdown started
2026-07-20 13:24:27 - app.database - INFO - Database shutdown complete
2026-07-20 13:24:29 - app.database - INFO - Database initialization started
2026-07-20 13:24:31 - app.database - INFO - Database tables initialized
2026-07-20 13:24:31 - app.database - INFO - Database initialized successfully
2026-07-20 13:24:33 - app.database - INFO - Database shutdown started
2026-07-20 13:24:34 - app.database - INFO - Database shutdown complete
2026-07-20 13:24:35 - app.database - INFO - Database initialization started
2026-07-20 13:24:37 - app.database - INFO - Database tables initialized
2026-07-20 13:24:38 - app.database - INFO - Database initialized successfully
2026-07-20 13:24:46 - app.database - INFO - Database shutdown started
2026-07-20 13:24:46 - app.database - INFO - Database shutdown complete
2026-07-20 13:24:47 - app.database - INFO - Database initialization started
2026-07-20 13:24:50 - app.database - INFO - Database tables initialized
2026-07-20 13:24:50 - app.database - INFO - Database initialized successfully
2026-07-20 13:24:50 - app.database - INFO - Database shutdown started
2026-07-20 13:24:50 - app.database - INFO - Database shutdown complete
2026-07-20 13:24:52 - app.database - INFO - Database initialization started
2026-07-20 13:24:55 - app.database - INFO - Database tables initialized
2026-07-20 13:24:55 - app.database - INFO - Database initialized successfully
2026-07-20 13:24:56 - app.database - INFO - Database shutdown started
2026-07-20 13:24:56 - app.database - INFO - Database shutdown complete
2026-07-20 13:24:58 - app.database - INFO - Database initialization started
2026-07-20 13:25:00 - app.database - INFO - Database tables initialized
2026-07-20 13:25:00 - app.database - INFO - Database initialized successfully
2026-07-20 13:25:00 - app.database - INFO - Database shutdown started
2026-07-20 13:25:01 - app.database - INFO - Database shutdown complete
2026-07-20 13:25:02 - app.database - INFO - Database initialization started
2026-07-20 13:25:04 - app.database - INFO - Database tables initialized
2026-07-20 13:25:05 - app.database - INFO - Database initialized successfully
2026-07-20 13:25:06 - app.database - INFO - Database shutdown started
2026-07-20 13:25:06 - app.database - INFO - Database shutdown complete
2026-07-20 13:25:07 - app.database - INFO - Database initialization started
2026-07-20 13:25:10 - app.database - INFO - Database tables initialized
2026-07-20 13:25:10 - app.database - INFO - Database initialized successfully
2026-07-20 13:25:10 - app.database - INFO - Database shutdown started
2026-07-20 13:25:10 - app.database - INFO - Database shutdown complete
2026-07-20 13:25:12 - app.database - INFO - Database initialization started
2026-07-20 13:25:15 - app.database - INFO - Database tables initialized
2026-07-20 13:25:15 - app.database - INFO - Database initialized successfully
2026-07-20 13:25:15 - app.database - INFO - Database shutdown started
2026-07-20 13:25:15 - app.database - INFO - Database shutdown complete
2026-07-20 13:25:16 - app.database - INFO - Database initialization started
2026-07-20 13:25:19 - app.database - INFO - Database tables initialized
2026-07-20 13:25:19 - app.database - INFO - Database initialized successfully
2026-07-20 13:25:19 - app.database - INFO - Database shutdown started
2026-07-20 13:25:19 - app.database - INFO - Database shutdown complete
2026-07-20 13:25:21 - app.database - INFO - Database initialization started
2026-07-20 13:25:24 - app.database - INFO - Database tables initialized
2026-07-20 13:25:24 - app.database - INFO - Database initialized successfully
2026-07-20 13:25:33 - app.database - INFO - Database shutdown started
2026-07-20 13:25:33 - app.database - INFO - Database shutdown complete
2026-07-20 13:25:35 - app.database - INFO - Database initialization started
2026-07-20 13:25:38 - app.database - INFO - Database tables initialized
2026-07-20 13:25:39 - app.database - INFO - Database initialized successfully
2026-07-20 13:25:43 - app.database - INFO - Database shutdown started
2026-07-20 13:25:43 - app.database - INFO - Database shutdown complete
2026-07-20 13:25:45 - app.database - INFO - Database initialization started
2026-07-20 13:25:47 - app.database - INFO - Database tables initialized
2026-07-20 13:25:48 - app.database - INFO - Database initialized successfully
2026-07-20 13:25:49 - app.database - INFO - Database shutdown started
2026-07-20 13:25:49 - app.database - INFO - Database shutdown complete
2026-07-20 13:25:51 - app.database - INFO - Database initialization started
2026-07-20 13:25:53 - app.database - INFO - Database tables initialized
2026-07-20 13:25:53 - app.database - INFO - Database initialized successfully
2026-07-20 13:25:53 - app.database - INFO - Database shutdown started
2026-07-20 13:25:54 - app.database - INFO - Database shutdown complete
2026-07-20 13:25:55 - app.database - INFO - Database initialization started
2026-07-20 13:25:58 - app.database - INFO - Database tables initialized
2026-07-20 13:25:58 - app.database - INFO - Database initialized successfully
2026-07-20 13:25:58 - app.database - INFO - Database shutdown started
2026-07-20 13:25:58 - app.database - INFO - Database shutdown complete
2026-07-20 13:25:59 - app.database - INFO - Database initialization started
2026-07-20 13:26:02 - app.database - INFO - Database tables initialized
2026-07-20 13:26:03 - app.database - INFO - Database initialized successfully
2026-07-20 13:26:07 - app.database - INFO - Database shutdown started
2026-07-20 13:26:07 - app.database - INFO - Database shutdown complete
2026-07-20 13:26:08 - app.database - INFO - Database initialization started
2026-07-20 13:26:11 - app.database - INFO - Database tables initialized
2026-07-20 13:26:11 - app.database - INFO - Database initialized successfully
2026-07-20 13:26:12 - app.database - INFO - Database shutdown started
2026-07-20 13:26:12 - app.database - INFO - Database shutdown complete
2026-07-20 13:26:14 - app.database - INFO - Database initialization started
2026-07-20 13:26:16 - app.database - INFO - Database tables initialized
2026-07-20 13:26:17 - app.database - INFO - Database initialized successfully
2026-07-20 13:26:17 - app.database - INFO - Database shutdown started
2026-07-20 13:26:17 - app.database - INFO - Database shutdown complete
2026-07-20 13:26:18 - app.database - INFO - Database initialization started
2026-07-20 13:26:20 - app.database - INFO - Database tables initialized
2026-07-20 13:26:21 - app.database - INFO - Database initialized successfully
2026-07-20 13:26:21 - app.database - INFO - Database shutdown started
2026-07-20 13:26:21 - app.database - INFO - Database shutdown complete
2026-07-20 13:26:22 - app.database - INFO - Database initialization started
2026-07-20 13:26:25 - app.database - INFO - Database tables initialized
2026-07-20 13:26:25 - app.database - INFO - Database initialized successfully
2026-07-20 13:26:27 - app.database - INFO - Database shutdown started
2026-07-20 13:26:27 - app.database - INFO - Database shutdown complete
2026-07-20 13:26:29 - app.database - INFO - Database initialization started
2026-07-20 13:26:32 - app.database - INFO - Database tables initialized
2026-07-20 13:26:32 - app.database - INFO - Database initialized successfully
2026-07-20 13:26:44 - app.database - INFO - Database shutdown started
2026-07-20 13:26:44 - app.database - INFO - Database shutdown complete
2026-07-20 13:26:45 - app.database - INFO - Database initialization started
2026-07-20 13:26:48 - app.database - INFO - Database tables initialized
2026-07-20 13:26:48 - app.database - INFO - Database initialized successfully
2026-07-20 13:26:48 - app.database - INFO - Database shutdown started
2026-07-20 13:26:48 - app.database - INFO - Database shutdown complete
2026-07-20 13:26:51 - app.database - INFO - Database initialization started
2026-07-20 13:26:54 - app.database - INFO - Database tables initialized
2026-07-20 13:26:54 - app.database - INFO - Database initialized successfully
2026-07-20 13:26:54 - app.database - INFO - Database shutdown started
2026-07-20 13:26:54 - app.database - INFO - Database shutdown complete
2026-07-20 13:26:55 - app.database - INFO - Database initialization started
2026-07-20 13:26:58 - app.database - INFO - Database tables initialized
2026-07-20 13:26:58 - app.database - INFO - Database initialized successfully
2026-07-20 13:27:12 - app.database - INFO - Database shutdown started
2026-07-20 13:27:13 - app.database - INFO - Database shutdown complete
2026-07-20 13:27:14 - app.database - INFO - Database initialization started
2026-07-20 13:27:17 - app.database - INFO - Database tables initialized
2026-07-20 13:27:17 - app.database - INFO - Database initialized successfully
2026-07-20 13:27:17 - app.database - INFO - Database shutdown started
2026-07-20 13:27:17 - app.database - INFO - Database shutdown complete
2026-07-20 13:27:19 - app.database - INFO - Database initialization started
2026-07-20 13:27:22 - app.database - INFO - Database tables initialized
2026-07-20 13:27:22 - app.database - INFO - Database initialized successfully
2026-07-20 13:27:24 - app.database - INFO - Database shutdown started
2026-07-20 13:27:24 - app.database - INFO - Database shutdown complete
2026-07-20 13:27:25 - app.database - INFO - Database initialization started
2026-07-20 13:27:28 - app.database - INFO - Database tables initialized
2026-07-20 13:27:28 - app.database - INFO - Database initialized successfully
2026-07-20 13:27:28 - app.database - INFO - Database shutdown started
2026-07-20 13:27:28 - app.database - INFO - Database shutdown complete
2026-07-20 13:27:30 - app.database - INFO - Database initialization started
2026-07-20 13:27:33 - app.database - INFO - Database tables initialized
2026-07-20 13:27:33 - app.database - INFO - Database initialized successfully
2026-07-20 13:27:33 - app.database - INFO - Database shutdown started
2026-07-20 13:27:33 - app.database - INFO - Database shutdown complete
2026-07-20 13:27:35 - app.database - INFO - Database initialization started
2026-07-20 13:27:37 - app.database - INFO - Database tables initialized
2026-07-20 13:27:37 - app.database - INFO - Database initialized successfully
2026-07-20 13:27:40 - app.database - INFO - Database shutdown started
2026-07-20 13:27:40 - app.database - INFO - Database shutdown complete
2026-07-20 13:27:41 - app.database - INFO - Database initialization started
2026-07-20 13:27:44 - app.database - INFO - Database tables initialized
2026-07-20 13:27:44 - app.database - INFO - Database initialized successfully
2026-07-20 13:27:44 - app.database - INFO - Database shutdown started
2026-07-20 13:27:44 - app.database - INFO - Database shutdown complete
2026-07-20 13:27:47 - app.database - INFO - Database initialization started
2026-07-20 13:27:51 - app.database - INFO - Database tables initialized
2026-07-20 13:27:51 - app.database - INFO - Database initialized successfully
2026-07-20 13:27:51 - app.database - INFO - Database shutdown started
2026-07-20 13:27:51 - app.database - INFO - Database shutdown complete
2026-07-20 13:27:52 - app.database - INFO - Database initialization started
2026-07-20 13:27:55 - app.database - INFO - Database tables initialized
2026-07-20 13:27:55 - app.database - INFO - Database initialized successfully
2026-07-20 13:28:09 - app.database - INFO - Database shutdown started
2026-07-20 13:28:09 - app.database - INFO - Database shutdown complete
2026-07-20 13:28:10 - app.database - INFO - Database initialization started
2026-07-20 13:28:14 - app.database - INFO - Database tables initialized
2026-07-20 13:28:14 - app.database - INFO - Database initialized successfully
2026-07-20 13:28:17 - app.database - INFO - Database shutdown started
2026-07-20 13:28:17 - app.database - INFO - Database shutdown complete
2026-07-20 13:28:19 - app.database - INFO - Database initialization started
2026-07-20 13:28:21 - app.database - INFO - Database tables initialized
2026-07-20 13:28:21 - app.database - INFO - Database initialized successfully
2026-07-20 13:28:21 - app.database - INFO - Database shutdown started
2026-07-20 13:28:22 - app.database - INFO - Database shutdown complete
2026-07-20 13:28:23 - app.database - INFO - Database initialization started
2026-07-20 13:28:25 - app.database - INFO - Database tables initialized
2026-07-20 13:28:25 - app.database - INFO - Database initialized successfully
2026-07-20 13:28:35 - app.database - INFO - Database shutdown started
2026-07-20 13:28:35 - app.database - INFO - Database shutdown complete
2026-07-20 13:28:38 - app.database - INFO - Database initialization started
2026-07-20 13:28:40 - app.database - INFO - Database tables initialized
2026-07-20 13:28:40 - app.database - INFO - Database initialized successfully
2026-07-20 13:28:40 - app.database - INFO - Database shutdown started
2026-07-20 13:28:41 - app.database - INFO - Database shutdown complete
2026-07-20 13:28:42 - app.database - INFO - Database initialization started
2026-07-20 13:28:45 - app.database - INFO - Database tables initialized
2026-07-20 13:28:45 - app.database - INFO - Database initialized successfully
2026-07-20 13:28:45 - app.database - INFO - Database shutdown started
2026-07-20 13:28:45 - app.database - INFO - Database shutdown complete
2026-07-20 13:28:46 - app.database - INFO - Database initialization started
2026-07-20 13:28:49 - app.database - INFO - Database tables initialized
2026-07-20 13:28:49 - app.database - INFO - Database initialized successfully
2026-07-20 13:28:49 - app.database - INFO - Database shutdown started
2026-07-20 13:28:49 - app.database - INFO - Database shutdown complete
2026-07-20 13:28:50 - app.database - INFO - Database initialization started
2026-07-20 13:28:53 - app.database - INFO - Database tables initialized
2026-07-20 13:28:53 - app.database - INFO - Database initialized successfully
2026-07-20 13:28:54 - app.database - INFO - Database shutdown started
2026-07-20 13:28:54 - app.database - INFO - Database shutdown complete
2026-07-20 13:28:55 - app.database - INFO - Database initialization started
2026-07-20 13:28:58 - app.database - INFO - Database tables initialized
2026-07-20 13:28:58 - app.database - INFO - Database initialized successfully
2026-07-20 13:28:58 - app.database - INFO - Database shutdown started
2026-07-20 13:28:58 - app.database - INFO - Database shutdown complete
2026-07-20 13:29:00 - app.database - INFO - Database initialization started
2026-07-20 13:29:02 - app.database - INFO - Database tables initialized
2026-07-20 13:29:02 - app.database - INFO - Database initialized successfully
2026-07-20 13:29:02 - app.database - INFO - Database shutdown started
2026-07-20 13:29:03 - app.database - INFO - Database shutdown complete
2026-07-20 13:29:05 - app.database - INFO - Database initialization started
2026-07-20 13:29:07 - app.database - INFO - Database tables initialized
2026-07-20 13:29:07 - app.database - INFO - Database initialized successfully
2026-07-20 13:29:08 - app.database - INFO - Database shutdown started
2026-07-20 13:29:08 - app.database - INFO - Database shutdown complete
2026-07-20 13:29:10 - app.database - INFO - Database initialization started
2026-07-20 13:29:13 - app.database - INFO - Database tables initialized
2026-07-20 13:29:13 - app.database - INFO - Database initialized successfully
2026-07-20 13:29:13 - app.database - INFO - Database shutdown started
2026-07-20 13:29:13 - app.database - INFO - Database shutdown complete
2026-07-20 13:29:15 - app.database - INFO - Database initialization started
2026-07-20 13:29:17 - app.database - INFO - Database tables initialized
2026-07-20 13:29:17 - app.database - INFO - Database initialized successfully
2026-07-20 13:29:51 - app.database - INFO - Database shutdown started
2026-07-20 13:29:51 - app.database - INFO - Database shutdown complete
2026-07-20 13:29:53 - app.database - INFO - Database initialization started
2026-07-20 13:29:55 - app.database - INFO - Database tables initialized
2026-07-20 13:29:55 - app.database - INFO - Database initialized successfully
2026-07-20 13:29:55 - app.database - INFO - Database shutdown started
2026-07-20 13:29:56 - app.database - INFO - Database shutdown complete
2026-07-20 13:29:57 - app.database - INFO - Database initialization started
2026-07-20 13:29:59 - app.database - INFO - Database tables initialized
2026-07-20 13:29:59 - app.database - INFO - Database initialized successfully
2026-07-20 13:30:00 - app.database - INFO - Database shutdown started
2026-07-20 13:30:00 - app.database - INFO - Database shutdown complete
2026-07-20 13:30:01 - app.database - INFO - Database initialization started
2026-07-20 13:30:04 - app.database - INFO - Database tables initialized
2026-07-20 13:30:04 - app.database - INFO - Database initialized successfully
2026-07-20 13:30:04 - app.database - INFO - Database shutdown started
2026-07-20 13:30:04 - app.database - INFO - Database shutdown complete
2026-07-20 13:30:06 - app.database - INFO - Database initialization started
2026-07-20 13:30:09 - app.database - INFO - Database tables initialized
2026-07-20 13:30:09 - app.database - INFO - Database initialized successfully
2026-07-20 13:30:09 - app.database - INFO - Database shutdown started
2026-07-20 13:30:09 - app.database - INFO - Database shutdown complete
2026-07-20 13:30:11 - app.database - INFO - Database initialization started
2026-07-20 13:30:14 - app.database - INFO - Database tables initialized
2026-07-20 13:30:14 - app.database - INFO - Database initialized successfully
2026-07-20 13:30:15 - app.database - INFO - Database shutdown started
2026-07-20 13:30:15 - app.database - INFO - Database shutdown complete
2026-07-20 13:30:16 - app.database - INFO - Database initialization started
2026-07-20 13:30:19 - app.database - INFO - Database tables initialized
2026-07-20 13:30:19 - app.database - INFO - Database initialized successfully
2026-07-20 13:30:21 - app.database - INFO - Database shutdown started
2026-07-20 13:30:21 - app.database - INFO - Database shutdown complete
2026-07-20 13:30:23 - app.database - INFO - Database initialization started
2026-07-20 13:30:28 - app.database - INFO - Database tables initialized
2026-07-20 13:30:28 - app.database - INFO - Database initialized successfully
2026-07-20 13:30:28 - app.database - INFO - Database shutdown started
2026-07-20 13:30:28 - app.database - INFO - Database shutdown complete
2026-07-20 13:30:30 - app.database - INFO - Database initialization started
2026-07-20 13:30:34 - app.database - INFO - Database tables initialized
2026-07-20 13:30:34 - app.database - INFO - Database initialized successfully
2026-07-20 13:30:34 - app.database - INFO - Database shutdown started
2026-07-20 13:30:34 - app.database - INFO - Database shutdown complete
2026-07-20 13:30:36 - app.database - INFO - Database initialization started
2026-07-20 13:30:38 - app.database - INFO - Database tables initialized
2026-07-20 13:30:38 - app.database - INFO - Database initialized successfully
2026-07-20 13:30:40 - app.database - INFO - Database shutdown started
2026-07-20 13:30:40 - app.database - INFO - Database shutdown complete
2026-07-20 13:30:42 - app.database - INFO - Database initialization started
2026-07-20 13:30:44 - app.database - INFO - Database tables initialized
2026-07-20 13:30:44 - app.database - INFO - Database initialized successfully
2026-07-20 13:30:49 - app.database - INFO - Database shutdown started
2026-07-20 13:30:49 - app.database - INFO - Database shutdown complete
2026-07-20 13:30:50 - app.database - INFO - Database initialization started
2026-07-20 13:30:53 - app.database - INFO - Database tables initialized
2026-07-20 13:30:53 - app.database - INFO - Database initialized successfully
2026-07-20 13:30:54 - app.database - INFO - Database shutdown started
2026-07-20 13:30:54 - app.database - INFO - Database shutdown complete
2026-07-20 13:30:55 - app.database - INFO - Database initialization started
2026-07-20 13:30:58 - app.database - INFO - Database tables initialized
2026-07-20 13:30:58 - app.database - INFO - Database initialized successfully
2026-07-20 13:31:26 - app.database - INFO - Database shutdown started
2026-07-20 13:31:26 - app.database - INFO - Database shutdown complete
2026-07-20 13:31:27 - app.database - INFO - Database initialization started
2026-07-20 13:31:30 - app.database - INFO - Database tables initialized
2026-07-20 13:31:30 - app.database - INFO - Database initialized successfully
2026-07-20 13:31:34 - app.database - INFO - Database shutdown started
2026-07-20 13:31:34 - app.database - INFO - Database shutdown complete
2026-07-20 13:31:35 - app.database - INFO - Database initialization started
2026-07-20 13:31:38 - app.database - INFO - Database tables initialized
2026-07-20 13:31:38 - app.database - INFO - Database initialized successfully
2026-07-20 13:31:50 - app.database - INFO - Database shutdown started
2026-07-20 13:31:50 - app.database - INFO - Database shutdown complete
2026-07-20 13:31:51 - app.database - INFO - Database initialization started
2026-07-20 13:31:54 - app.database - INFO - Database tables initialized
2026-07-20 13:31:54 - app.database - INFO - Database initialized successfully
2026-07-20 13:32:45 - app.database - INFO - Database shutdown started
2026-07-20 13:32:45 - app.database - INFO - Database shutdown complete
2026-07-20 13:32:46 - app.database - INFO - Database initialization started
2026-07-20 13:32:49 - app.database - INFO - Database tables initialized
2026-07-20 13:32:49 - app.database - INFO - Database initialized successfully
2026-07-20 13:32:54 - app.database - INFO - Database shutdown started
2026-07-20 13:32:54 - app.database - INFO - Database shutdown complete
2026-07-20 13:32:56 - app.database - INFO - Database initialization started
2026-07-20 13:32:59 - app.database - INFO - Database tables initialized
2026-07-20 13:32:59 - app.database - INFO - Database initialized successfully
2026-07-20 13:33:00 - app.database - INFO - Database shutdown started
2026-07-20 13:33:00 - app.database - INFO - Database shutdown complete
2026-07-20 13:33:08 - app.database - INFO - Database initialization started
2026-07-20 13:33:11 - app.database - INFO - Database tables initialized
2026-07-20 13:33:11 - app.database - INFO - Database initialized successfully
2026-07-20 13:33:11 - app.database - INFO - Database shutdown started
2026-07-20 13:33:11 - app.database - INFO - Database shutdown complete
2026-07-20 13:33:15 - app.database - INFO - Database initialization started
2026-07-20 13:33:17 - app.database - INFO - Database tables initialized
2026-07-20 13:33:18 - app.database - INFO - Database initialized successfully
2026-07-20 13:33:18 - app.database - INFO - Database shutdown started
2026-07-20 13:33:18 - app.database - INFO - Database shutdown complete
2026-07-20 13:33:20 - app.database - INFO - Database initialization started
2026-07-20 13:33:25 - app.database - INFO - Database tables initialized
2026-07-20 13:33:25 - app.database - INFO - Database initialized successfully
2026-07-20 13:33:25 - app.database - INFO - Database shutdown started
2026-07-20 13:33:25 - app.database - INFO - Database shutdown complete
2026-07-20 13:33:27 - app.database - INFO - Database initialization started
2026-07-20 13:33:30 - app.database - INFO - Database tables initialized
2026-07-20 13:33:30 - app.database - INFO - Database initialized successfully
2026-07-20 13:33:36 - app.database - INFO - Database shutdown started
2026-07-20 13:33:36 - app.database - INFO - Database shutdown complete
2026-07-20 13:33:38 - app.database - INFO - Database initialization started
2026-07-20 13:33:40 - app.database - INFO - Database tables initialized
2026-07-20 13:33:41 - app.database - INFO - Database initialized successfully
2026-07-20 13:33:44 - app.database - INFO - Database shutdown started
2026-07-20 13:33:44 - app.database - INFO - Database shutdown complete
2026-07-20 13:33:46 - app.database - INFO - Database initialization started
2026-07-20 13:33:48 - app.database - INFO - Database tables initialized
2026-07-20 13:33:48 - app.database - INFO - Database initialized successfully
2026-07-20 13:33:48 - app.database - INFO - Database shutdown started
2026-07-20 13:33:48 - app.database - INFO - Database shutdown complete
2026-07-20 13:33:50 - app.database - INFO - Database initialization started
2026-07-20 13:33:53 - app.database - INFO - Database tables initialized
2026-07-20 13:33:53 - app.database - INFO - Database initialized successfully
2026-07-20 13:33:56 - app.database - INFO - Database shutdown started
2026-07-20 13:33:56 - app.database - INFO - Database shutdown complete
2026-07-20 13:33:58 - app.database - INFO - Database initialization started
2026-07-20 13:34:01 - app.database - INFO - Database tables initialized
2026-07-20 13:34:01 - app.database - INFO - Database initialized successfully
2026-07-20 13:34:01 - app.database - INFO - Database shutdown started
2026-07-20 13:34:01 - app.database - INFO - Database shutdown complete
2026-07-20 13:34:03 - app.database - INFO - Database initialization started
2026-07-20 13:34:06 - app.database - INFO - Database tables initialized
2026-07-20 13:34:06 - app.database - INFO - Database initialized successfully
2026-07-20 13:34:06 - app.database - INFO - Database shutdown started
2026-07-20 13:34:06 - app.database - INFO - Database shutdown complete
2026-07-20 13:34:08 - app.database - INFO - Database initialization started
2026-07-20 13:34:11 - app.database - INFO - Database tables initialized
2026-07-20 13:34:11 - app.database - INFO - Database initialized successfully
2026-07-20 13:34:12 - app.database - INFO - Database shutdown started
2026-07-20 13:34:12 - app.database - INFO - Database shutdown complete
2026-07-20 13:34:15 - app.database - INFO - Database initialization started
2026-07-20 13:34:18 - app.database - INFO - Database tables initialized
2026-07-20 13:34:18 - app.database - INFO - Database initialized successfully
2026-07-20 13:34:39 - app.database - INFO - Database session opened
2026-07-20 13:34:40 - app.database - INFO - Database session closed
2026-07-20 13:35:01 - app.database - INFO - Database session opened
2026-07-20 13:35:02 - app.database - INFO - Database session closed
2026-07-20 13:37:22 - app.database - INFO - Database session opened
2026-07-20 13:37:24 - app.database - INFO - Database session closed
